<?xml version="1.0" encoding="UTF-8"?>
<testsuite name="org.chennuru.n26.challenge.presentation.controller.TransactionControllerTest" time="0.443" tests="1" errors="0" skipped="0" failures="1">
  <properties>
[...]
</properties>
  <testcase name="postTransaction" classname="org.chennuru.n26.challenge.presentation.controller.TransactionControllerTest" time="0.443">
    <failure message="Status expected:&lt;201&gt; but was:&lt;204&gt;" type="java.lang.AssertionError"><![CDATA[java.lang.AssertionError: Status expected:<201> but was:<204>
	at org.springframework.test.util.AssertionErrors.fail(AssertionErrors.java:54)
	at org.springframework.test.util.AssertionErrors.assertEquals(AssertionErrors.java:81)
	at org.springframework.test.web.servlet.result.StatusResultMatchers$10.match(StatusResultMatchers.java:664)
	at org.springframework.test.web.servlet.MockMvc$1.andExpect(MockMvc.java:171)
	at org.chennuru.n26.challenge.presentation.controller.TransactionControllerTest.postTransaction(TransactionControllerTest.java:40)
]]></failure>
    <system-out><![CDATA[2019-06-05 15:57:47.740  INFO 7944 --- [           main] .b.t.a.w.s.WebMvcTestContextBootstrapper : Neither @ContextConfiguration nor @ContextHierarchy found for test class [org.chennuru.n26.challenge.presentation.controller.TransactionControllerTest], using SpringBootContextLoader
2019-06-05 15:57:47.754  INFO 7944 --- [           main] o.s.t.c.support.AbstractContextLoader    : Could not detect default resource locations for test class [org.chennuru.n26.challenge.presentation.controller.TransactionControllerTest]: no resource found for suffixes {-context.xml, Context.groovy}.
2019-06-05 15:57:47.761  INFO 7944 --- [           main] t.c.s.AnnotationConfigContextLoaderUtils : Could not detect default configuration classes for test class [org.chennuru.n26.challenge.presentation.controller.TransactionControllerTest]: TransactionControllerTest does not declare any static, non-private, non-final, nested classes annotated with @Configuration.
2019-06-05 15:57:48.064  INFO 7944 --- [           main] .b.t.c.SpringBootTestContextBootstrapper : Found @SpringBootConfiguration org.chennuru.n26.challenge.ChallengeServiceApplication for test class org.chennuru.n26.challenge.presentation.controller.TransactionControllerTest
2019-06-05 15:57:48.079  INFO 7944 --- [           main] .b.t.a.w.s.WebMvcTestContextBootstrapper : Loaded default TestExecutionListener class names from location [META-INF/spring.factories]: [org.springframework.boot.test.mock.mockito.MockitoTestExecutionListener, org.springframework.boot.test.mock.mockito.ResetMocksTestExecutionListener, org.springframework.boot.test.autoconfigure.restdocs.RestDocsTestExecutionListener, org.springframework.boot.test.autoconfigure.web.client.MockRestServiceServerResetTestExecutionListener, org.springframework.boot.test.autoconfigure.web.servlet.MockMvcPrintOnlyOnFailureTestExecutionListener, org.springframework.boot.test.autoconfigure.web.servlet.WebDriverTestExecutionListener, org.springframework.test.context.web.ServletTestExecutionListener, org.springframework.test.context.support.DirtiesContextBeforeModesTestExecutionListener, org.springframework.test.context.support.DependencyInjectionTestExecutionListener, org.springframework.test.context.support.DirtiesContextTestExecutionListener, org.springframework.test.context.transaction.TransactionalTestExecutionListener, org.springframework.test.context.jdbc.SqlScriptsTestExecutionListener]
2019-06-05 15:57:48.091  INFO 7944 --- [           main] .b.t.a.w.s.WebMvcTestContextBootstrapper : Could not instantiate TestExecutionListener [org.springframework.test.context.jdbc.SqlScriptsTestExecutionListener]. Specify custom listener classes or make the default listener classes (and their required dependencies) available. Offending class: [org/springframework/transaction/interceptor/TransactionAttribute]
2019-06-05 15:57:48.092  INFO 7944 --- [           main] .b.t.a.w.s.WebMvcTestContextBootstrapper : Could not instantiate TestExecutionListener [org.springframework.test.context.transaction.TransactionalTestExecutionListener]. Specify custom listener classes or make the default listener classes (and their required dependencies) available. Offending class: [org/springframework/transaction/interceptor/TransactionAttributeSource]
2019-06-05 15:57:48.102  INFO 7944 --- [           main] .b.t.a.w.s.WebMvcTestContextBootstrapper : Using TestExecutionListeners: [org.springframework.test.context.web.ServletTestExecutionListener@492521c4, org.springframework.test.context.support.DirtiesContextBeforeModesTestExecutionListener@443a06ad, org.springframework.boot.test.autoconfigure.SpringBootDependencyInjectionTestExecutionListener@6ddd1c51, org.springframework.test.context.support.DirtiesContextTestExecutionListener@752b69e3, org.springframework.boot.test.mock.mockito.MockitoTestExecutionListener@15605d83, org.springframework.boot.test.autoconfigure.web.servlet.WebDriverTestExecutionListener@1fb2eec, org.springframework.boot.test.autoconfigure.restdocs.RestDocsTestExecutionListener@4c18516, org.springframework.boot.test.mock.mockito.ResetMocksTestExecutionListener@2a0b901c, org.springframework.boot.test.autoconfigure.web.client.MockRestServiceServerResetTestExecutionListener@3d104c9b, org.springframework.boot.test.autoconfigure.web.servlet.MockMvcPrintOnlyOnFailureTestExecutionListener@6544899b]

MockHttpServletRequest:
      HTTP Method = GET
      Request URI = /statistics/all
       Parameters = {}
          Headers = {Accept=[application/json;charset=UTF-8]}

Handler:
             Type = org.chennuru.n26.challenge.presentation.controller.StatisticController
           Method = public org.springframework.http.ResponseEntity<java.util.List<org.chennuru.n26.challenge.persistence.entity.Statistic>> org.chennuru.n26.challenge.presentation.controller.StatisticController.findAll()

Async:
    Async started = false
     Async result = null

Resolved Exception:
             Type = null

ModelAndView:
        View name = null
             View = null
            Model = null

FlashMap:
       Attributes = null

MockHttpServletResponse:
           Status = 200
    Error message = null
          Headers = {Content-Type=[application/json;charset=UTF-8]}
     Content type = application/json;charset=UTF-8
             Body = []
    Forwarded URL = null
   Redirected URL = null
          Cookies = []

MockHttpServletRequest:
      HTTP Method = GET
      Request URI = /statistics
       Parameters = {}
          Headers = {Accept=[application/json;charset=UTF-8]}

Handler:
             Type = org.chennuru.n26.challenge.presentation.controller.StatisticController
           Method = public org.springframework.http.ResponseEntity<org.chennuru.n26.challenge.persistence.entity.Statistic> org.chennuru.n26.challenge.presentation.controller.StatisticController.findCurrent()

Async:
    Async started = false
     Async result = null

Resolved Exception:
             Type = null

ModelAndView:
        View name = null
             View = null
            Model = null

FlashMap:
       Attributes = null

MockHttpServletResponse:
           Status = 200
    Error message = null
          Headers = {Content-Type=[application/json;charset=UTF-8]}
     Content type = application/json;charset=UTF-8
             Body = {"date":"2019-06-05T21:27:47","sum":0.0,"avg":null,"max":4.9E-324,"min":1.7976931348623157E308,"count":0}
    Forwarded URL = null
   Redirected URL = null
          Cookies = []

MockHttpServletRequest:
      HTTP Method = POST
      Request URI = /transactions
       Parameters = {}
          Headers = {Content-Type=[application/json;charset=UTF-8], Accept=[application/json;charset=UTF-8]}

Handler:
             Type = org.chennuru.n26.challenge.presentation.controller.TransactionController
           Method = public org.springframework.http.ResponseEntity<org.chennuru.n26.challenge.persistence.entity.Transaction> org.chennuru.n26.challenge.presentation.controller.TransactionController.post(org.chennuru.n26.challenge.presentation.json.TransactionPostJson)

Async:
    Async started = false
     Async result = null

Resolved Exception:
             Type = null

ModelAndView:
        View name = null
             View = null
            Model = null

FlashMap:
       Attributes = null

MockHttpServletResponse:
           Status = 204
    Error message = null
          Headers = {}
     Content type = null
             Body = 
    Forwarded URL = null
   Redirected URL = null
          Cookies = []
]]></system-out>
  </testcase>
</testsuite>