<?xml version="1.0" encoding="UTF-8"?>
<testsuite name="org.chennuru.n26.challenge.business.service.TransactionServiceTest" time="0.001" tests="3" errors="2" skipped="0" failures="0">
  <properties>
[...]
</properties>
  <testcase name="processExpired" classname="org.chennuru.n26.challenge.business.service.TransactionServiceTest" time="0.001">
    <error message="Unexpected exception, expected&lt;org.chennuru.n26.challenge.exception.TransactionExpiredException&gt; but was&lt;org.chennuru.n26.challenge.exception.TransactionOutOfFutureWindow&gt;" type="java.lang.Exception"><![CDATA[java.lang.Exception: Unexpected exception, expected<org.chennuru.n26.challenge.exception.TransactionExpiredException> but was<org.chennuru.n26.challenge.exception.TransactionOutOfFutureWindow>
	at org.chennuru.n26.challenge.business.service.impl.StatisticServiceImpl.add(StatisticServiceImpl.java:109)
	at org.chennuru.n26.challenge.business.service.impl.TransactionServiceImpl.process(TransactionServiceImpl.java:26)
	at org.chennuru.n26.challenge.business.service.TransactionServiceTest.processExpired(TransactionServiceTest.java:35)
]]></error>
    <system-out><![CDATA[2019-06-05 15:57:42.919  INFO 7944 --- [           main] .b.t.c.SpringBootTestContextBootstrapper : Neither @ContextConfiguration nor @ContextHierarchy found for test class [org.chennuru.n26.challenge.business.service.TransactionServiceTest], using SpringBootContextLoader
2019-06-05 15:57:42.920  INFO 7944 --- [           main] o.s.t.c.support.AbstractContextLoader    : Could not detect default resource locations for test class [org.chennuru.n26.challenge.business.service.TransactionServiceTest]: no resource found for suffixes {-context.xml, Context.groovy}.
2019-06-05 15:57:42.921  INFO 7944 --- [           main] t.c.s.AnnotationConfigContextLoaderUtils : Could not detect default configuration classes for test class [org.chennuru.n26.challenge.business.service.TransactionServiceTest]: TransactionServiceTest does not declare any static, non-private, non-final, nested classes annotated with @Configuration.
2019-06-05 15:57:42.928  INFO 7944 --- [           main] .b.t.c.SpringBootTestContextBootstrapper : Found @SpringBootConfiguration org.chennuru.n26.challenge.ChallengeServiceApplication for test class org.chennuru.n26.challenge.business.service.TransactionServiceTest
2019-06-05 15:57:42.939  INFO 7944 --- [           main] .b.t.c.SpringBootTestContextBootstrapper : Loaded default TestExecutionListener class names from location [META-INF/spring.factories]: [org.springframework.boot.test.mock.mockito.MockitoTestExecutionListener, org.springframework.boot.test.mock.mockito.ResetMocksTestExecutionListener, org.springframework.boot.test.autoconfigure.restdocs.RestDocsTestExecutionListener, org.springframework.boot.test.autoconfigure.web.client.MockRestServiceServerResetTestExecutionListener, org.springframework.boot.test.autoconfigure.web.servlet.MockMvcPrintOnlyOnFailureTestExecutionListener, org.springframework.boot.test.autoconfigure.web.servlet.WebDriverTestExecutionListener, org.springframework.test.context.web.ServletTestExecutionListener, org.springframework.test.context.support.DirtiesContextBeforeModesTestExecutionListener, org.springframework.test.context.support.DependencyInjectionTestExecutionListener, org.springframework.test.context.support.DirtiesContextTestExecutionListener, org.springframework.test.context.transaction.TransactionalTestExecutionListener, org.springframework.test.context.jdbc.SqlScriptsTestExecutionListener]
2019-06-05 15:57:42.962  INFO 7944 --- [           main] .b.t.c.SpringBootTestContextBootstrapper : Could not instantiate TestExecutionListener [org.springframework.test.context.jdbc.SqlScriptsTestExecutionListener]. Specify custom listener classes or make the default listener classes (and their required dependencies) available. Offending class: [org/springframework/transaction/interceptor/TransactionAttribute]
2019-06-05 15:57:42.963  INFO 7944 --- [           main] .b.t.c.SpringBootTestContextBootstrapper : Could not instantiate TestExecutionListener [org.springframework.test.context.transaction.TransactionalTestExecutionListener]. Specify custom listener classes or make the default listener classes (and their required dependencies) available. Offending class: [org/springframework/transaction/interceptor/TransactionAttributeSource]
2019-06-05 15:57:42.963  INFO 7944 --- [           main] .b.t.c.SpringBootTestContextBootstrapper : Using TestExecutionListeners: [org.springframework.test.context.web.ServletTestExecutionListener@3f362135, org.springframework.test.context.support.DirtiesContextBeforeModesTestExecutionListener@21eee94f, org.springframework.boot.test.autoconfigure.SpringBootDependencyInjectionTestExecutionListener@6bc24e72, org.springframework.test.context.support.DirtiesContextTestExecutionListener@724aefc3, org.springframework.boot.test.mock.mockito.MockitoTestExecutionListener@7cfb4736, org.springframework.boot.test.autoconfigure.web.servlet.WebDriverTestExecutionListener@2a097d77, org.springframework.boot.test.autoconfigure.restdocs.RestDocsTestExecutionListener@53c1179a, org.springframework.boot.test.mock.mockito.ResetMocksTestExecutionListener@7650ded6, org.springframework.boot.test.autoconfigure.web.client.MockRestServiceServerResetTestExecutionListener@5034f5dd, org.springframework.boot.test.autoconfigure.web.servlet.MockMvcPrintOnlyOnFailureTestExecutionListener@31b7d869]
]]></system-out>
  </testcase>
  <testcase name="processOk" classname="org.chennuru.n26.challenge.business.service.TransactionServiceTest" time="0">
    <error type="org.chennuru.n26.challenge.exception.TransactionOutOfFutureWindow:">org.chennuru.n26.challenge.exception.TransactionOutOfFutureWindow: null
	at org.chennuru.n26.challenge.business.service.impl.StatisticServiceImpl.add(StatisticServiceImpl.java:109)
	at org.chennuru.n26.challenge.business.service.impl.TransactionServiceImpl.process(TransactionServiceImpl.java:26)
	at org.chennuru.n26.challenge.business.service.TransactionServiceTest.processOk(TransactionServiceTest.java:55)
</error>
  </testcase>
  <testcase name="processFuture" classname="org.chennuru.n26.challenge.business.service.TransactionServiceTest" time="0"/>
</testsuite>